<?xml version="1.0" encoding="UTF-8"?>
<!-- Generated by org.testng.reporters.JUnitXMLReporter -->
<testsuite ignored="0" hostname="DESKTOP-OF0EV7L" failures="0" tests="6" name="Default test" time="8.618" errors="0" timestamp="2026-06-20T22:38:53 EDT">
  <testcase classname="api.test.DataDrivenTest" name="testPostUser" time="4.848"/>
  <testcase classname="api.test.DataDrivenTest" name="testPostUser" time="0.235"/>
  <testcase classname="api.test.DataDrivenTest" name="testPostUser" time="0.218"/>
  <testcase classname="api.test.DataDrivenTest" name="testDeleteByUsername" time="0.284"/>
  <testcase classname="api.test.DataDrivenTest" name="testDeleteByUsername" time="0.224"/>
  <testcase classname="api.test.DataDrivenTest" name="testDeleteByUsername" time="0.208"/>
</testsuite> <!-- Default test -->
