<?xml version="1.0" encoding="UTF-8"?>
<!-- Generated by org.testng.reporters.JUnitXMLReporter -->
<testsuite ignored="0" hostname="DESKTOP-OF0EV7L" failures="0" tests="4" name="Default test" time="5.699" errors="0" timestamp="2026-06-17T02:10:57 EDT">
  <testcase classname="api.test.UserTests" name="testPostUser" time="4.601"/>
  <testcase classname="api.test.UserTests" name="testGetUser" time="0.295"/>
  <testcase classname="api.test.UserTests" name="testUpdateUser" time="0.247"/>
  <testcase classname="api.test.UserTests" name="testDeleteUser" time="0.222"/>
</testsuite> <!-- Default test -->
