<?xml version="1.0" encoding="UTF-8"?>
<testng-results ignored="0" total="6" passed="6" failed="0" skipped="0">
  <reporter-output>
  </reporter-output>
  <suite started-at="2026-06-21T00:15:12 EDT" name="PetSuite" finished-at="2026-06-21T00:15:17 EDT" duration-ms="4488">
    <groups>
    </groups>
    <test started-at="2026-06-21T00:15:12 EDT" name="PetTests" finished-at="2026-06-21T00:15:17 EDT" duration-ms="4488">
      <class name="api.test.DataDrivenTest">
        <test-method signature="testPostUser(java.lang.String,java.lang.String,java.lang.String,java.lang.String,java.lang.String,java.lang.String,java.lang.String)[pri:1, instance:api.test.DataDrivenTest@73a1e9a9]" started-at="2026-06-21T00:15:14 EDT" name="testPostUser" data-provider="data" finished-at="2026-06-21T00:15:16 EDT" duration-ms="2032" status="PASS">
          <params>
            <param index="0">
              <value>
                <![CDATA[1010]]>
              </value>
            </param>
            <param index="1">
              <value>
                <![CDATA[testuser1]]>
              </value>
            </param>
            <param index="2">
              <value>
                <![CDATA[John]]>
              </value>
            </param>
            <param index="3">
              <value>
                <![CDATA[Candy]]>
              </value>
            </param>
            <param index="4">
              <value>
                <![CDATA[jc@gmail.com]]>
              </value>
            </param>
            <param index="5">
              <value>
                <![CDATA[test@1]]>
              </value>
            </param>
            <param index="6">
              <value>
                <![CDATA[123456789]]>
              </value>
            </param>
          </params>
          <reporter-output>
          </reporter-output>
        </test-method> <!-- testPostUser -->
        <test-method signature="testPostUser(java.lang.String,java.lang.String,java.lang.String,java.lang.String,java.lang.String,java.lang.String,java.lang.String)[pri:1, instance:api.test.DataDrivenTest@73a1e9a9]" started-at="2026-06-21T00:15:16 EDT" name="testPostUser" data-provider="data" finished-at="2026-06-21T00:15:16 EDT" duration-ms="203" status="PASS">
          <params>
            <param index="0">
              <value>
                <![CDATA[1020]]>
              </value>
            </param>
            <param index="1">
              <value>
                <![CDATA[testuser2]]>
              </value>
            </param>
            <param index="2">
              <value>
                <![CDATA[Kim]]>
              </value>
            </param>
            <param index="3">
              <value>
                <![CDATA[Yong]]>
              </value>
            </param>
            <param index="4">
              <value>
                <![CDATA[ky@gmail.com]]>
              </value>
            </param>
            <param index="5">
              <value>
                <![CDATA[test@2]]>
              </value>
            </param>
            <param index="6">
              <value>
                <![CDATA[987654321]]>
              </value>
            </param>
          </params>
          <reporter-output>
          </reporter-output>
        </test-method> <!-- testPostUser -->
        <test-method signature="testPostUser(java.lang.String,java.lang.String,java.lang.String,java.lang.String,java.lang.String,java.lang.String,java.lang.String)[pri:1, instance:api.test.DataDrivenTest@73a1e9a9]" started-at="2026-06-21T00:15:16 EDT" name="testPostUser" data-provider="data" finished-at="2026-06-21T00:15:16 EDT" duration-ms="197" status="PASS">
          <params>
            <param index="0">
              <value>
                <![CDATA[1030]]>
              </value>
            </param>
            <param index="1">
              <value>
                <![CDATA[testuser3]]>
              </value>
            </param>
            <param index="2">
              <value>
                <![CDATA[Smith]]>
              </value>
            </param>
            <param index="3">
              <value>
                <![CDATA[Strong]]>
              </value>
            </param>
            <param index="4">
              <value>
                <![CDATA[ss@gmail.com]]>
              </value>
            </param>
            <param index="5">
              <value>
                <![CDATA[test@3]]>
              </value>
            </param>
            <param index="6">
              <value>
                <![CDATA[159736248]]>
              </value>
            </param>
          </params>
          <reporter-output>
          </reporter-output>
        </test-method> <!-- testPostUser -->
        <test-method signature="testDeleteByUsername(java.lang.String)[pri:2, instance:api.test.DataDrivenTest@73a1e9a9]" started-at="2026-06-21T00:15:16 EDT" name="testDeleteByUsername" data-provider="UserNames" finished-at="2026-06-21T00:15:16 EDT" duration-ms="231" status="PASS">
          <params>
            <param index="0">
              <value>
                <![CDATA[testuser1]]>
              </value>
            </param>
          </params>
          <reporter-output>
          </reporter-output>
        </test-method> <!-- testDeleteByUsername -->
        <test-method signature="testDeleteByUsername(java.lang.String)[pri:2, instance:api.test.DataDrivenTest@73a1e9a9]" started-at="2026-06-21T00:15:16 EDT" name="testDeleteByUsername" data-provider="UserNames" finished-at="2026-06-21T00:15:16 EDT" duration-ms="202" status="PASS">
          <params>
            <param index="0">
              <value>
                <![CDATA[testuser2]]>
              </value>
            </param>
          </params>
          <reporter-output>
          </reporter-output>
        </test-method> <!-- testDeleteByUsername -->
        <test-method signature="testDeleteByUsername(java.lang.String)[pri:2, instance:api.test.DataDrivenTest@73a1e9a9]" started-at="2026-06-21T00:15:16 EDT" name="testDeleteByUsername" data-provider="UserNames" finished-at="2026-06-21T00:15:17 EDT" duration-ms="191" status="PASS">
          <params>
            <param index="0">
              <value>
                <![CDATA[testuser3]]>
              </value>
            </param>
          </params>
          <reporter-output>
          </reporter-output>
        </test-method> <!-- testDeleteByUsername -->
      </class> <!-- api.test.DataDrivenTest -->
    </test> <!-- PetTests -->
  </suite> <!-- PetSuite -->
</testng-results>
