<?xml version="1.0" encoding="UTF-8"?>
<!-- Generated by org.testng.reporters.JUnitReportReporter -->
<testsuite hostname="DESKTOP-OF0EV7L" failures="0" tests="6" name="api.test.DataDrivenTest" time="6.017" errors="0" timestamp="2026-06-20T22:38:54 EDT" skipped="0">
  <testcase classname="api.test.DataDrivenTest" name="testPostUser" time="4.848"/>
  <testcase classname="api.test.DataDrivenTest" name="testPostUser" time="0.218"/>
  <testcase classname="api.test.DataDrivenTest" name="testPostUser" time="0.235"/>
  <testcase classname="api.test.DataDrivenTest" name="testDeleteByUsername" time="0.208"/>
  <testcase classname="api.test.DataDrivenTest" name="testDeleteByUsername" time="0.224"/>
  <testcase classname="api.test.DataDrivenTest" name="testDeleteByUsername" time="0.284"/>
</testsuite> <!-- api.test.DataDrivenTest -->
