<?xml version="1.0" encoding="UTF-8"?>
<!-- Generated by org.testng.reporters.JUnitReportReporter -->
<testsuite hostname="DESKTOP-OF0EV7L" failures="0" tests="4" name="api.test.UserTests" time="5.365" errors="0" timestamp="2026-06-17T02:10:57 EDT" skipped="0">
  <testcase classname="api.test.UserTests" name="testPostUser" time="4.601"/>
  <testcase classname="api.test.UserTests" name="testGetUser" time="0.295"/>
  <testcase classname="api.test.UserTests" name="testUpdateUser" time="0.247"/>
  <testcase classname="api.test.UserTests" name="testDeleteUser" time="0.222"/>
</testsuite> <!-- api.test.UserTests -->
