<?xml version="1.0" encoding="UTF-8"?>
<!-- Generated by org.testng.reporters.JUnitReportReporter -->
<testsuite hostname="DESKTOP-OF0EV7L" failures="0" tests="4" name="api.test.UserTests" time="5.636" errors="0" timestamp="2026-06-20T23:51:05 EDT" skipped="0">
  <testcase classname="api.test.UserTests" name="testPostUser" time="4.591"/>
  <testcase classname="api.test.UserTests" name="testGetUser" time="0.289"/>
  <testcase classname="api.test.UserTests" name="testUpdateUser" time="0.526"/>
  <testcase classname="api.test.UserTests" name="testDeleteUser" time="0.230"/>
</testsuite> <!-- api.test.UserTests -->
