<?xml version="1.0" encoding="UTF-8"?>
<!-- Generated by org.testng.reporters.JUnitXMLReporter -->
<testsuite ignored="0" hostname="DESKTOP-OF0EV7L" failures="0" tests="6" name="PetTests" time="4.488" errors="0" timestamp="2026-06-21T00:15:17 EDT">
  <testcase classname="api.test.DataDrivenTest" name="testPostUser" time="2.032"/>
  <testcase classname="api.test.DataDrivenTest" name="testPostUser" time="0.203"/>
  <testcase classname="api.test.DataDrivenTest" name="testPostUser" time="0.197"/>
  <testcase classname="api.test.DataDrivenTest" name="testDeleteByUsername" time="0.231"/>
  <testcase classname="api.test.DataDrivenTest" name="testDeleteByUsername" time="0.202"/>
  <testcase classname="api.test.DataDrivenTest" name="testDeleteByUsername" time="0.191"/>
</testsuite> <!-- PetTests -->
